=== Started 2017-09-25T16-25-09-477 ===
[ERROR][16:25:09] Unknown gameserver.ini value: badWordFilter
[INFO ][16:25:09] 419 bad words loaded
[WARN ][16:25:09] User account "Local Administrator" disabled
[WARN ][16:25:09] User account "Local Moderator" disabled
[WARN ][16:25:09] User account "Local User" disabled
[INFO ][16:25:09] 0 user records loaded.
[INFO ][16:25:09] 0 IP ban records loaded.
[INFO ][16:25:09] [1m[32mMultiOgar-Edited 1.6.1[37m - An open source multi-protocol ogar server[0m
[INFO ][16:25:09] WebSocket: ws
[INFO ][16:25:09] Started stats server on port 88
[INFO ][16:25:09] Listening on port 443
[INFO ][16:25:09] Current game mode is Free For All
[NONE ][16:25:09]   __  __       _ _   _  ___                        _____    _ _ _           _    _   __    _ 
 |  \/  |_   _| | |_(_)/ _ \  __ _  __ _ _ __     | ____|__| (_) |_ ___  __| |  / | / /_  / |
 | |\/| | | | | | __| | | | |/ _` |/ _` | '__|____|  _| / _` | | __/ _ \/ _` |  | || '_ \ | |
 | |  | | |_| | | |_| | |_| | (_| | (_| | | |_____| |__| (_| | | ||  __/ (_| |  | || (_) || |
 |_|  |_|\__,_|_|\__|_|\___/ \__, |\__,_|_|       |_____\__,_|_|\__\___|\__,_|  |_(_)___(_)_|
                             |___/                                                           
[NONE ][16:25:09] CONNECTED 127.0.0.1:52750, origin: "http://agar.io"
[NONE ][16:25:38] >name 1 <raptor> Jani
[NONE ][16:25:38] Changing King Rex to <raptor> Jani
[NONE ][16:25:45] >mass 1 500
[NONE ][16:25:45] Set mass of <raptor> Jani to 500.000
[NONE ][16:25:48] >sm
[WARN ][16:25:48] Please specify a valid player ID!
[NONE ][16:25:51] >sm 1 500
[NONE ][16:25:51] Set spawnmass of <raptor> Jani to 500.000
[NONE ][16:26:14] >addbot 20
[NONE ][16:26:14] Added 20 player bots
[NONE ][16:26:35] >mass 2 5000
[NONE ][16:26:35] Set mass of è—Å È¶à¼»â¥ aÍ¥ngÍ£eÍ«â„“ to 5000.000
[NONE ][16:27:55] >mass 1 4000
[NONE ][16:27:55] Set mass of King Rex to 4000.000
[NONE ][16:29:56] >mass 1 500
[NONE ][16:29:56] Set mass of King Rex to 500.000
[NONE ][16:30:30] >mass 1 20000
[NONE ][16:30:30] Set mass of King Rex to 20000.000
[NONE ][16:31:21] >mass 1 20000
[NONE ][16:31:21] Set mass of King Rex to 20000.000
[NONE ][16:32:38] >close
[WARN ][16:32:38] Invalid Command!
[NONE ][16:32:40] >exit
[WARN ][16:32:40] Closing server...
[DEBUG][16:32:40] process.exit(1)
=== Shutdown 2017-09-25T16-32-40-804 ===
