=== Started 2017-10-02T16-04-21-467 ===
[ERROR][16:04:21] Unknown gameserver.ini value: badWordFilter
[INFO ][16:04:21] 419 bad words loaded
[WARN ][16:04:21] User account "Local Administrator" disabled
[WARN ][16:04:21] User account "Local Moderator" disabled
[WARN ][16:04:21] User account "Local User" disabled
[INFO ][16:04:21] 0 user records loaded.
[INFO ][16:04:21] 0 IP ban records loaded.
[INFO ][16:04:21] [1m[32mMultiOgar-Edited 1.6.1[37m - An open source multi-protocol ogar server[0m
[INFO ][16:04:21] WebSocket: ws
[INFO ][16:04:21] Started stats server on port 88
[INFO ][16:04:21] Listening on port 443
[INFO ][16:04:21] Current game mode is Free For All
[INFO ][16:04:21] Added 20 player bots
[NONE ][16:04:21]   __  __       _ _   _  ___                        _____    _ _ _           _    _   __    _ 
 |  \/  |_   _| | |_(_)/ _ \  __ _  __ _ _ __     | ____|__| (_) |_ ___  __| |  / | / /_  / |
 | |\/| | | | | | __| | | | |/ _` |/ _` | '__|____|  _| / _` | | __/ _ \/ _` |  | || '_ \ | |
 | |  | | |_| | | |_| | |_| | (_| | (_| | | |_____| |__| (_| | | ||  __/ (_| |  | || (_) || |
 |_|  |_|\__,_|_|\__|_|\___/ \__, |\__,_|_|       |_____\__,_|_|\__\___|\__,_|  |_(_)___(_)_|
                             |___/                                                           
[NONE ][16:04:21] CONNECTED 127.0.0.1:50528, origin: "http://agarahg.esy.es"
[NONE ][16:04:45] >merge 
[WARN ][16:04:45] Please specify a valid player ID!
[NONE ][16:04:49] >merge 21
[NONE ][16:04:49] {alien} Te Gech is now force merging
[NONE ][16:05:40] >mass 21 4000
[NONE ][16:05:40] Set mass of {alien} Te Gech to 4000.000
[NONE ][16:05:56] >merge 21
[NONE ][16:05:56] {alien} Te Gech is now force merging
[NONE ][16:06:18] >merge 21
[NONE ][16:06:18] {alien} Te Gech is now force merging
[NONE ][16:07:48] >merge 1 
[NONE ][16:07:48] Řยßïηh⊕🎅🎄  is now force merging
[NONE ][16:08:15] >mass 21 10000
[NONE ][16:08:15] Set mass of {alien} Te Gech to 10000.000
[NONE ][16:08:57] >merge 21
[NONE ][16:08:57] {alien} Te Gech is now force merging
[NONE ][16:09:16] >merge 21
[NONE ][16:09:16] {alien} Te Gech is now force merging
[NONE ][16:09:40] >merge 13
[WARN ][16:09:40] Client already has one cell!
[NONE ][16:09:43] >merge 1
[WARN ][16:09:43] Client already has one cell!
[NONE ][16:09:50] >merge 21
[NONE ][16:09:50] {alien} Te Gech is now force merging
[NONE ][16:10:24] >merge 21
[NONE ][16:10:24] {alien} Te Gech is now force merging
[NONE ][16:10:43] >  killall
[WARN ][16:10:43] Invalid Command!
[NONE ][16:10:45] >killall
