=== Started 2017-10-02T16-21-44-193 ===
[ERROR][16:21:44] Unknown gameserver.ini value: badWordFilter
[INFO ][16:21:44] 419 bad words loaded
[WARN ][16:21:44] User account "Local Administrator" disabled
[WARN ][16:21:44] User account "Local Moderator" disabled
[WARN ][16:21:44] User account "Local User" disabled
[INFO ][16:21:44] 0 user records loaded.
[INFO ][16:21:44] 0 IP ban records loaded.
[INFO ][16:21:44] [1m[32mMultiOgar-Edited 1.6.1[37m - An open source multi-protocol ogar server[0m
[INFO ][16:21:44] WebSocket: ws
[INFO ][16:21:44] Started stats server on port 88
[INFO ][16:21:44] Listening on port 443
[INFO ][16:21:44] Current game mode is Free For All
[INFO ][16:21:44] Added 20 player bots
[NONE ][16:21:44]   __  __       _ _   _  ___                        _____    _ _ _           _    _   __    _ 
 |  \/  |_   _| | |_(_)/ _ \  __ _  __ _ _ __     | ____|__| (_) |_ ___  __| |  / | / /_  / |
 | |\/| | | | | | __| | | | |/ _` |/ _` | '__|____|  _| / _` | | __/ _ \/ _` |  | || '_ \ | |
 | |  | | |_| | | |_| | |_| | (_| | (_| | | |_____| |__| (_| | | ||  __/ (_| |  | || (_) || |
 |_|  |_|\__,_|_|\__|_|\___/ \__, |\__,_|_|       |_____\__,_|_|\__\___|\__,_|  |_(_)___(_)_|
                             |___/                                                           
[NONE ][16:21:45] CONNECTED 127.0.0.1:50682, origin: "http://agar.io"
[NONE ][16:22:16] >rec 21
[NONE ][16:22:16] sanik is now in rec mode!
[NONE ][16:22:20] >mass 21 5000
[NONE ][16:22:20] Set mass of sanik to 5000.000
[NONE ][16:23:46] DISCONNECTED 127.0.0.1:50682, code: 1006, reason: "", name: "sanik"
[NONE ][16:23:54] CONNECTED 127.0.0.1:50713, origin: "http://agarahg.esy.es"
[NONE ][16:24:02] >rec 22
[NONE ][16:24:02] {alien} Te Gech is now in rec mode!
[NONE ][16:24:10] >mass 22 5000
[NONE ][16:24:10] Set mass of {alien} Te Gech to 5000.000
[NONE ][16:26:46] >mass 22 700
[NONE ][16:26:46] Set mass of {alien} Te Gech to 700.000
[NONE ][16:27:34] >mass 22 7000
[NONE ][16:27:34] Set mass of {alien} Te Gech to 7000.000
[NONE ][16:28:19] >minion 22 5
[NONE ][16:28:19] Added 5 minions for {alien} Te Gech
[NONE ][16:30:36] >mass 22 5000
[NONE ][16:30:36] Set mass of {alien} Te Gech to 5000.000
[NONE ][16:30:51] >mass 22 10000
[NONE ][16:30:51] Set mass of {alien} Te Gech to 10000.000
[NONE ][16:31:04] >mass 22 50000
[NONE ][16:31:04] Set mass of {alien} Te Gech to 50000.000
[NONE ][16:31:46] >mass 22 1000
[NONE ][16:31:46] Set mass of {alien} Te Gech to 1000.000
[NONE ][16:31:52] >mass 22 10000
[NONE ][16:31:52] Set mass of {alien} Te Gech to 10000.000
[NONE ][16:31:56] >rec 22
[NONE ][16:31:56] {alien} Te Gech is no longer in rec mode
[NONE ][16:32:04] >mass 22 50000
[NONE ][16:32:04] Set mass of {alien} Te Gech to 50000.000
[NONE ][16:32:19] >rec 22
[NONE ][16:32:19] {alien} Te Gech is now in rec mode!
[NONE ][16:34:03] >mass 22 5000
[NONE ][16:34:03] Set mass of {alien} Te Gech to 5000.000
[NONE ][16:34:16] >mass 22 2000
[NONE ][16:34:16] Set mass of {alien} Te Gech to 2000.000
[NONE ][16:36:08] >mass 22 2000
[NONE ][16:36:08] Set mass of {alien} Te Gech to 2000.000
[NONE ][16:38:29] DISCONNECTED 127.0.0.1:50713, code: 1006, reason: "", name: "{alien} Te Gech"
