=== Started 2017-09-23T15-18-05-038 ===
[ERROR][15:18:05] Unknown gameserver.ini value: badWordFilter
[INFO ][15:18:05] 419 bad words loaded
[WARN ][15:18:05] User account "Local Administrator" disabled
[WARN ][15:18:05] User account "Local Moderator" disabled
[WARN ][15:18:05] User account "Local User" disabled
[INFO ][15:18:05] 0 user records loaded.
[INFO ][15:18:05] 0 IP ban records loaded.
[INFO ][15:18:05] [1m[32mMultiOgar-Edited 1.6.1[37m - An open source multi-protocol ogar server[0m
[INFO ][15:18:05] WebSocket: ws
[INFO ][15:18:05] Started stats server on port 88
[INFO ][15:18:05] Listening on port 443
[INFO ][15:18:05] Current game mode is Free For All
[NONE ][15:18:05]   __  __       _ _   _  ___                        _____    _ _ _           _    _   __    _ 
 |  \/  |_   _| | |_(_)/ _ \  __ _  __ _ _ __     | ____|__| (_) |_ ___  __| |  / | / /_  / |
 | |\/| | | | | | __| | | | |/ _` |/ _` | '__|____|  _| / _` | | __/ _ \/ _` |  | || '_ \ | |
 | |  | | |_| | | |_| | |_| | (_| | (_| | | |_____| |__| (_| | | ||  __/ (_| |  | || (_) || |
 |_|  |_|\__,_|_|\__|_|\___/ \__, |\__,_|_|       |_____\__,_|_|\__\___|\__,_|  |_(_)___(_)_|
                             |___/                                                           
[NONE ][15:18:08] CONNECTED 127.0.0.1:52478, origin: "http://agar.io"
[NONE ][15:18:20] >spawnmass 1 5000
[NONE ][15:18:20] Set spawnmass of Jani to 5000.000
[NONE ][15:18:24] >mass 1 5000
[NONE ][15:18:24] Set mass of Jani to 5000.000
[NONE ][15:18:30] >minion 1 10
[NONE ][15:18:30] Added 10 minions for Jani
[NONE ][15:22:39] >mass 1 2000
[NONE ][15:22:39] Set mass of Jani to 2000.000
[NONE ][15:25:38] >mass 1 2000
[NONE ][15:25:38] Set mass of Jani to 2000.000
[NONE ][15:26:24] >mass 1 1000
[NONE ][15:26:24] Set mass of Jani to 1000.000
[NONE ][15:26:37] >mass 1 1000
[NONE ][15:26:37] Set mass of Jani to 1000.000
[NONE ][15:28:45] >spawnmass 1 100
[NONE ][15:28:45] Set spawnmass of Jani to 100.000
[NONE ][15:28:49] >mass 1 100
[NONE ][15:28:49] Set mass of Jani to 100.000
[NONE ][15:47:33] DISCONNECTED 127.0.0.1:52478, code: 1000, reason: "Connection timeout", name: "Jani"
[NONE ][15:47:33] CONNECTED 127.0.0.1:53110, origin: "http://agar.io"
[NONE ][15:47:33] DISCONNECTED 127.0.0.1:53110, code: 1006, reason: "", name: ""
