=== Started 2017-09-22T13-55-54-159 ===
[ERROR][13:55:54] Unknown gameserver.ini value: badWordFilter
[INFO ][13:55:54] 419 bad words loaded
[WARN ][13:55:54] User account "Local Administrator" disabled
[WARN ][13:55:54] User account "Local Moderator" disabled
[WARN ][13:55:54] User account "Local User" disabled
[INFO ][13:55:54] 0 user records loaded.
[INFO ][13:55:54] 0 IP ban records loaded.
[INFO ][13:55:54] [1m[32mMultiOgar-Edited 1.6.1[37m - An open source multi-protocol ogar server[0m
[INFO ][13:55:54] WebSocket: ws
[INFO ][13:55:54] Started stats server on port 88
[INFO ][13:55:54] Listening on port 443
[INFO ][13:55:54] Current game mode is Free For All
[NONE ][13:55:54]   __  __       _ _   _  ___                        _____    _ _ _           _    _   __    _ 
 |  \/  |_   _| | |_(_)/ _ \  __ _  __ _ _ __     | ____|__| (_) |_ ___  __| |  / | / /_  / |
 | |\/| | | | | | __| | | | |/ _` |/ _` | '__|____|  _| / _` | | __/ _ \/ _` |  | || '_ \ | |
 | |  | | |_| | | |_| | |_| | (_| | (_| | | |_____| |__| (_| | | ||  __/ (_| |  | || (_) || |
 |_|  |_|\__,_|_|\__|_|\___/ \__, |\__,_|_|       |_____\__,_|_|\__\___|\__,_|  |_(_)___(_)_|
                             |___/                                                           
[NONE ][13:56:04] CONNECTED 127.0.0.1:50436, origin: "http://agar.io"
[NONE ][13:56:33] >rec 1
[NONE ][13:56:33] Hungary is now in rec mode!
[NONE ][13:56:37] >addbot 10
[NONE ][13:56:37] Added 10 player bots
[NONE ][13:58:57] >minion 1 10
[NONE ][13:58:57] Added 10 minions for Hungary
[NONE ][14:05:26] >exit
[WARN ][14:05:26] Closing server...
[DEBUG][14:05:26] process.exit(1)
=== Shutdown 2017-09-22T14-05-26-721 ===
