=== Started 2017-09-27T14-07-48-002 ===
[ERROR][14:07:48] Unknown gameserver.ini value: badWordFilter
[INFO ][14:07:48] 419 bad words loaded
[WARN ][14:07:48] User account "Local Administrator" disabled
[WARN ][14:07:48] User account "Local Moderator" disabled
[WARN ][14:07:48] User account "Local User" disabled
[INFO ][14:07:48] 0 user records loaded.
[INFO ][14:07:48] 0 IP ban records loaded.
[INFO ][14:07:48] [1m[32mMultiOgar-Edited 1.6.1[37m - An open source multi-protocol ogar server[0m
[INFO ][14:07:48] WebSocket: ws
[INFO ][14:07:48] Started stats server on port 88
[INFO ][14:07:48] Listening on port 443
[INFO ][14:07:48] Current game mode is Free For All
[NONE ][14:07:48]   __  __       _ _   _  ___                        _____    _ _ _           _    _   __    _ 
 |  \/  |_   _| | |_(_)/ _ \  __ _  __ _ _ __     | ____|__| (_) |_ ___  __| |  / | / /_  / |
 | |\/| | | | | | __| | | | |/ _` |/ _` | '__|____|  _| / _` | | __/ _ \/ _` |  | || '_ \ | |
 | |  | | |_| | | |_| | |_| | (_| | (_| | | |_____| |__| (_| | | ||  __/ (_| |  | || (_) || |
 |_|  |_|\__,_|_|\__|_|\___/ \__, |\__,_|_|       |_____\__,_|_|\__\___|\__,_|  |_(_)___(_)_|
                             |___/                                                           
[NONE ][14:07:51] CONNECTED 127.0.0.1:50176, origin: "http://agarahg.esy.es"
[NONE ][14:07:52] DISCONNECTED 127.0.0.1:50176, code: 1000, reason: "", name: ""
[NONE ][14:07:54] CONNECTED 127.0.0.1:50178, origin: "http://agarahg.esy.es"
[NONE ][14:08:01] >minion 1 1
[NONE ][14:08:05] >minion 2 1
[NONE ][14:08:05] Added 1 minions for {7m7} Jani
[NONE ][14:08:19] >minuon 2 2
[WARN ][14:08:19] Invalid Command!
[NONE ][14:08:23] >minion 2 2
[NONE ][14:08:23] Added 2 minions for {7m7} Jani
[NONE ][14:12:39] >mass 2 5000
[NONE ][14:12:39] Set mass of {7m7} Jani to 5000.000
[NONE ][14:12:46] >mass 2 10000
[NONE ][14:12:46] Set mass of {7m7} Jani to 10000.000
[NONE ][14:13:07] >mass 2 5000
[NONE ][14:13:07] Set mass of {7m7} Jani to 5000.000
[NONE ][14:18:27] >killall
[NONE ][14:24:45] >mass 2 10000
[NONE ][14:24:45] Set mass of {7m7} Jani to 10000.000
[NONE ][14:29:20] >mass 2 50000
[NONE ][14:29:20] Set mass of {7m7} Jani to 50000.000
[NONE ][14:30:02] >mass 2 200
[NONE ][14:30:02] Set mass of {7m7} Jani to 200.000
[NONE ][14:30:27] >mass 2 12000
[NONE ][14:30:27] Set mass of {7m7} Jani to 12000.000
[NONE ][14:30:43] >killall
[NONE ][14:30:53] >mass 2 20000
[NONE ][14:30:53] Set mass of {7m7} Jani to 20000.000
