=== Started 2017-09-27T13-46-59-847 ===
[ERROR][13:46:59] Unknown gameserver.ini value: badWordFilter
[INFO ][13:46:59] 419 bad words loaded
[WARN ][13:46:59] User account "Local Administrator" disabled
[WARN ][13:46:59] User account "Local Moderator" disabled
[WARN ][13:46:59] User account "Local User" disabled
[INFO ][13:46:59] 0 user records loaded.
[INFO ][13:46:59] 0 IP ban records loaded.
[INFO ][13:46:59] [1m[32mMultiOgar-Edited 1.6.1[37m - An open source multi-protocol ogar server[0m
[INFO ][13:46:59] WebSocket: ws
[INFO ][13:47:00] Started stats server on port 88
[INFO ][13:47:00] Listening on port 443
[INFO ][13:47:00] Current game mode is Free For All
[NONE ][13:47:00]   __  __       _ _   _  ___                        _____    _ _ _           _    _   __    _ 
 |  \/  |_   _| | |_(_)/ _ \  __ _  __ _ _ __     | ____|__| (_) |_ ___  __| |  / | / /_  / |
 | |\/| | | | | | __| | | | |/ _` |/ _` | '__|____|  _| / _` | | __/ _ \/ _` |  | || '_ \ | |
 | |  | | |_| | | |_| | |_| | (_| | (_| | | |_____| |__| (_| | | ||  __/ (_| |  | || (_) || |
 |_|  |_|\__,_|_|\__|_|\___/ \__, |\__,_|_|       |_____\__,_|_|\__\___|\__,_|  |_(_)___(_)_|
                             |___/                                                           
[NONE ][13:47:11] CONNECTED 127.0.0.1:49895, origin: "http://agar.io"
[NONE ][13:47:12] DISCONNECTED 127.0.0.1:49895, code: 1001, reason: "", name: ""
[NONE ][13:47:15] CONNECTED 127.0.0.1:49975, origin: "http://agar.io"
[NONE ][13:48:24] >minion 1 20
[NONE ][13:48:32] >pl
[NONE ][13:48:32] 
Current players: 1
[NONE ][13:48:32] Do "playerlist m" or "pl m" to list minions

[NONE ][13:48:32]  ID     | IP              | P | CELLS | SCORE  |   POSITION   | NICK            
[NONE ][13:48:32] ────────────────────────────────────────────────────────────────────────────────
[NONE ][13:48:32]       2 | 127.0.0.1       | 14 |    16 |    666 |  -224,  -320 | King Rex       
[NONE ][13:48:36] >minion 2 20
[NONE ][13:48:36] Added 20 minions for King Rex
[NONE ][13:54:05] >mass 2 20000
[NONE ][13:54:05] Set mass of King Rex to 20000.000
[NONE ][13:55:28] >mass 2 50000
[NONE ][13:55:28] Set mass of King Rex to 50000.000
[NONE ][13:55:54] >mass 2 80000
[NONE ][13:55:54] Set mass of King Rex to 80000.000
[NONE ][13:56:03] >mass 3 50000
[NONE ][13:56:03] Set mass of DeezBot to 50000.000
