=== Started 2017-09-25T16-08-47-285 ===
[ERROR][16:08:47] Unknown gameserver.ini value: badWordFilter
[INFO ][16:08:47] 419 bad words loaded
[WARN ][16:08:47] User account "Local Administrator" disabled
[WARN ][16:08:47] User account "Local Moderator" disabled
[WARN ][16:08:47] User account "Local User" disabled
[INFO ][16:08:47] 0 user records loaded.
[INFO ][16:08:47] 0 IP ban records loaded.
[INFO ][16:08:47] [1m[32mMultiOgar-Edited 1.6.1[37m - An open source multi-protocol ogar server[0m
[INFO ][16:08:47] WebSocket: ws
[INFO ][16:08:47] Started stats server on port 88
[INFO ][16:08:47] Listening on port 443
[INFO ][16:08:47] Current game mode is Free For All
[NONE ][16:08:47]   __  __       _ _   _  ___                        _____    _ _ _           _    _   __    _ 
 |  \/  |_   _| | |_(_)/ _ \  __ _  __ _ _ __     | ____|__| (_) |_ ___  __| |  / | / /_  / |
 | |\/| | | | | | __| | | | |/ _` |/ _` | '__|____|  _| / _` | | __/ _ \/ _` |  | || '_ \ | |
 | |  | | |_| | | |_| | |_| | (_| | (_| | | |_____| |__| (_| | | ||  __/ (_| |  | || (_) || |
 |_|  |_|\__,_|_|\__|_|\___/ \__, |\__,_|_|       |_____\__,_|_|\__\___|\__,_|  |_(_)___(_)_|
                             |___/                                                           
[NONE ][16:08:47] CONNECTED 127.0.0.1:52590, origin: "http://agar.io"
[NONE ][16:09:04] >spawnmass 1 500
[NONE ][16:09:04] Set spawnmass of Be ne Szóljá to 500.000
[NONE ][16:09:07] >kill 1
[NONE ][16:09:07] Killed Be ne Szóljá and removed 1 cells
[NONE ][16:09:23] >minion 1 50 15 raptor
[NONE ][16:09:23] Added 50 minions for Be ne Szóljá
[NONE ][16:10:23] >exit
[WARN ][16:10:23] Closing server...
[DEBUG][16:10:23] process.exit(1)
=== Shutdown 2017-09-25T16-10-23-474 ===
