=== Started 2017-09-25T16-32-46-671 ===
[ERROR][16:32:46] Unknown gameserver.ini value: badWordFilter
[INFO ][16:32:46] 419 bad words loaded
[WARN ][16:32:46] User account "Local Administrator" disabled
[WARN ][16:32:46] User account "Local Moderator" disabled
[WARN ][16:32:46] User account "Local User" disabled
[INFO ][16:32:46] 0 user records loaded.
[INFO ][16:32:46] 0 IP ban records loaded.
[INFO ][16:32:46] [1m[32mMultiOgar-Edited 1.6.1[37m - An open source multi-protocol ogar server[0m
[INFO ][16:32:46] WebSocket: ws
[INFO ][16:32:46] Started stats server on port 88
[INFO ][16:32:46] Listening on port 443
[INFO ][16:32:46] Current game mode is Free For All
[NONE ][16:32:46] CONNECTED 127.0.0.1:52862, origin: "http://agar.io"
[NONE ][16:32:46]   __  __       _ _   _  ___                        _____    _ _ _           _    _   __    _ 
 |  \/  |_   _| | |_(_)/ _ \  __ _  __ _ _ __     | ____|__| (_) |_ ___  __| |  / | / /_  / |
 | |\/| | | | | | __| | | | |/ _` |/ _` | '__|____|  _| / _` | | __/ _ \/ _` |  | || '_ \ | |
 | |  | | |_| | | |_| | |_| | (_| | (_| | | |_____| |__| (_| | | ||  __/ (_| |  | || (_) || |
 |_|  |_|\__,_|_|\__|_|\___/ \__, |\__,_|_|       |_____\__,_|_|\__\___|\__,_|  |_(_)___(_)_|
                             |___/                                                           
[NONE ][16:32:58] >mass 1 5000
[NONE ][16:32:58] Set mass of King Rex to 5000.000
[NONE ][16:33:23] >exit
[WARN ][16:33:23] Closing server...
[DEBUG][16:33:23] process.exit(1)
=== Shutdown 2017-09-25T16-33-23-922 ===
