=== Started 2017-09-22T15-19-45-391 ===
[ERROR][15:19:45] Unknown gameserver.ini value: badWordFilter
[INFO ][15:19:45] 419 bad words loaded
[WARN ][15:19:45] User account "Local Administrator" disabled
[WARN ][15:19:45] User account "Local Moderator" disabled
[WARN ][15:19:45] User account "Local User" disabled
[INFO ][15:19:45] 0 user records loaded.
[INFO ][15:19:45] 0 IP ban records loaded.
[INFO ][15:19:45] [1m[32mMultiOgar-Edited 1.6.1[37m - An open source multi-protocol ogar server[0m
[INFO ][15:19:45] WebSocket: ws
[ERROR][15:19:46] Stats Server: listen EADDRINUSE :::88
[INFO ][15:19:46] Listening on port 443
[INFO ][15:19:46] Current game mode is Free For All
[NONE ][15:19:46]   __  __       _ _   _  ___                        _____    _ _ _           _    _   __    _ 
 |  \/  |_   _| | |_(_)/ _ \  __ _  __ _ _ __     | ____|__| (_) |_ ___  __| |  / | / /_  / |
 | |\/| | | | | | __| | | | |/ _` |/ _` | '__|____|  _| / _` | | __/ _ \/ _` |  | || '_ \ | |
 | |  | | |_| | | |_| | |_| | (_| | (_| | | |_____| |__| (_| | | ||  __/ (_| |  | || (_) || |
 |_|  |_|\__,_|_|\__|_|\___/ \__, |\__,_|_|       |_____\__,_|_|\__\___|\__,_|  |_(_)___(_)_|
                             |___/                                                           
[NONE ][15:20:18] CONNECTED 127.0.0.1:53258, origin: "http://agar.io"
[NONE ][15:20:53] >mass 1 10000
[NONE ][15:20:53] Set mass of Hungary to 10000.000
[NONE ][15:21:17] >kill 1
[NONE ][15:21:17] Killed Hungary and removed 100 cells
[NONE ][15:21:30] DISCONNECTED 127.0.0.1:53258, code: 1001, reason: "", name: "Hungary"
[NONE ][15:21:30] >exit
[WARN ][15:21:30] Closing server...
[DEBUG][15:21:30] process.exit(1)
=== Shutdown 2017-09-22T15-21-30-800 ===
