=== Started 2017-09-21T15-51-49-025 ===
[ERROR][15:51:49] Unknown gameserver.ini value: badWordFilter
[INFO ][15:51:49] 419 bad words loaded
[WARN ][15:51:49] User account "Local Administrator" disabled
[WARN ][15:51:49] User account "Local Moderator" disabled
[WARN ][15:51:49] User account "Local User" disabled
[INFO ][15:51:49] 0 user records loaded.
[INFO ][15:51:49] 0 IP ban records loaded.
[INFO ][15:51:49] [1m[32mMultiOgar-Edited 1.6.1[37m - An open source multi-protocol ogar server[0m
[INFO ][15:51:49] WebSocket: ws
[INFO ][15:51:49] Started stats server on port 88
[INFO ][15:51:49] Listening on port 443
[INFO ][15:51:49] Current game mode is Free For All
[NONE ][15:51:49]   __  __       _ _   _  ___                        _____    _ _ _           _    _   __    _ 
 |  \/  |_   _| | |_(_)/ _ \  __ _  __ _ _ __     | ____|__| (_) |_ ___  __| |  / | / /_  / |
 | |\/| | | | | | __| | | | |/ _` |/ _` | '__|____|  _| / _` | | __/ _ \/ _` |  | || '_ \ | |
 | |  | | |_| | | |_| | |_| | (_| | (_| | | |_____| |__| (_| | | ||  __/ (_| |  | || (_) || |
 |_|  |_|\__,_|_|\__|_|\___/ \__, |\__,_|_|       |_____\__,_|_|\__\___|\__,_|  |_(_)___(_)_|
                             |___/                                                           
[NONE ][15:53:10] CONNECTED 127.0.0.1:51646, origin: "http://agarahg.esy.es"
[NONE ][15:54:08] >minion 1 100
[NONE ][15:54:08] Added 100 minions for {7m7}
[NONE ][15:57:03] >rec 1
[NONE ][15:57:03] {7m7} is now in rec mode!
[NONE ][15:57:37] >mass 1 5000
[NONE ][15:57:37] Set mass of {7m7} to 5000.000
[NONE ][15:59:13] >mass 1 5000
[NONE ][15:59:13] Set mass of {7m7} to 5000.000
[NONE ][16:10:57] >mass 1 11000
[NONE ][16:10:57] Set mass of {7m7} Jani to 11000.000
[NONE ][16:15:12] DISCONNECTED 127.0.0.1:51646, code: 1001, reason: "", name: "{7m7} Jani"
