=== Started 2017-09-27T14-34-44-400 ===
[ERROR][14:34:44] Unknown gameserver.ini value: badWordFilter
[INFO ][14:34:44] 419 bad words loaded
[WARN ][14:34:44] User account "Local Administrator" disabled
[WARN ][14:34:44] User account "Local Moderator" disabled
[WARN ][14:34:44] User account "Local User" disabled
[INFO ][14:34:44] 0 user records loaded.
[INFO ][14:34:44] 0 IP ban records loaded.
[INFO ][14:34:44] [1m[32mMultiOgar-Edited 1.6.1[37m - An open source multi-protocol ogar server[0m
[INFO ][14:34:44] WebSocket: ws
[INFO ][14:34:44] Started stats server on port 88
[INFO ][14:34:44] Listening on port 443
[INFO ][14:34:44] Current game mode is Free For All
[NONE ][14:34:44]   __  __       _ _   _  ___                        _____    _ _ _           _    _   __    _ 
 |  \/  |_   _| | |_(_)/ _ \  __ _  __ _ _ __     | ____|__| (_) |_ ___  __| |  / | / /_  / |
 | |\/| | | | | | __| | | | |/ _` |/ _` | '__|____|  _| / _` | | __/ _ \/ _` |  | || '_ \ | |
 | |  | | |_| | | |_| | |_| | (_| | (_| | | |_____| |__| (_| | | ||  __/ (_| |  | || (_) || |
 |_|  |_|\__,_|_|\__|_|\___/ \__, |\__,_|_|       |_____\__,_|_|\__\___|\__,_|  |_(_)___(_)_|
                             |___/                                                           
[NONE ][14:34:45] CONNECTED 127.0.0.1:50220, origin: "http://agarahg.esy.es"
[NONE ][14:35:08] >mass 1 200
[NONE ][14:35:08] Set mass of {7m7} Jani to 200.000
[NONE ][14:35:29] >minion 1 10
[NONE ][14:35:29] Added 10 minions for {7m7} Jani
[NONE ][14:40:28] DISCONNECTED 127.0.0.1:50220, code: 1006, reason: "", name: "{7m7} Jani"
[NONE ][14:41:04] >pl
[WARN ][14:41:04] No bots or players are currently connected to the server!
