=== Started 2017-10-02T16-11-36-539 ===
[ERROR][16:11:36] Unknown gameserver.ini value: badWordFilter
[INFO ][16:11:36] 419 bad words loaded
[WARN ][16:11:36] User account "Local Administrator" disabled
[WARN ][16:11:36] User account "Local Moderator" disabled
[WARN ][16:11:36] User account "Local User" disabled
[INFO ][16:11:36] 0 user records loaded.
[INFO ][16:11:36] 0 IP ban records loaded.
[INFO ][16:11:36] [1m[32mMultiOgar-Edited 1.6.1[37m - An open source multi-protocol ogar server[0m
[INFO ][16:11:36] WebSocket: ws
[INFO ][16:11:36] Started stats server on port 88
[INFO ][16:11:36] Listening on port 443
[INFO ][16:11:36] Current game mode is Free For All
[INFO ][16:11:36] Added 20 player bots
[NONE ][16:11:36]   __  __       _ _   _  ___                        _____    _ _ _           _    _   __    _ 
 |  \/  |_   _| | |_(_)/ _ \  __ _  __ _ _ __     | ____|__| (_) |_ ___  __| |  / | / /_  / |
 | |\/| | | | | | __| | | | |/ _` |/ _` | '__|____|  _| / _` | | __/ _ \/ _` |  | || '_ \ | |
 | |  | | |_| | | |_| | |_| | (_| | (_| | | |_____| |__| (_| | | ||  __/ (_| |  | || (_) || |
 |_|  |_|\__,_|_|\__|_|\___/ \__, |\__,_|_|       |_____\__,_|_|\__\___|\__,_|  |_(_)___(_)_|
                             |___/                                                           
[NONE ][16:11:37] CONNECTED 127.0.0.1:50537, origin: "http://agarahg.esy.es"
[NONE ][16:12:10] >mass 21 800
[NONE ][16:12:10] Set mass of {alien} Te Gech to 800.000
[NONE ][16:12:27] >mass 21 800
[NONE ][16:12:27] Set mass of {alien} Te Gech to 800.000
[NONE ][16:12:54] >merge 21
[NONE ][16:12:54] {alien} Te Gech is now force merging
[NONE ][16:13:19] >merge 21
[NONE ][16:13:19] {alien} Te Gech is now force merging
[NONE ][16:13:42] >merge 21
[NONE ][16:13:42] {alien} Te Gech is now force merging
[NONE ][16:13:59] >rec 213
[WARN ][16:13:59] That player ID is non-existant!
[NONE ][16:14:02] >rec 21
[NONE ][16:14:02] {alien} Te Gech is now in rec mode!
[NONE ][16:16:16] >minion 21 5
[NONE ][16:16:16] Added 5 minions for {alien} Te Gech
[NONE ][16:17:40] >killall
[NONE ][16:18:47] >minion 21 remove
[NONE ][16:18:47] Succesfully removed minions for {alien} Te Gech
