=== Started 2017-09-22T14-21-37-166 ===
[ERROR][14:21:37] Unknown gameserver.ini value: badWordFilter
[INFO ][14:21:37] 419 bad words loaded
[WARN ][14:21:37] User account "Local Administrator" disabled
[WARN ][14:21:37] User account "Local Moderator" disabled
[WARN ][14:21:37] User account "Local User" disabled
[INFO ][14:21:37] 0 user records loaded.
[INFO ][14:21:37] 0 IP ban records loaded.
[INFO ][14:21:37] [1m[32mMultiOgar-Edited 1.6.1[37m - An open source multi-protocol ogar server[0m
[INFO ][14:21:37] WebSocket: ws
[INFO ][14:21:37] Started stats server on port 88
[INFO ][14:21:37] Listening on port 443
[INFO ][14:21:37] Current game mode is Free For All
[NONE ][14:21:37]   __  __       _ _   _  ___                        _____    _ _ _           _    _   __    _ 
 |  \/  |_   _| | |_(_)/ _ \  __ _  __ _ _ __     | ____|__| (_) |_ ___  __| |  / | / /_  / |
 | |\/| | | | | | __| | | | |/ _` |/ _` | '__|____|  _| / _` | | __/ _ \/ _` |  | || '_ \ | |
 | |  | | |_| | | |_| | |_| | (_| | (_| | | |_____| |__| (_| | | ||  __/ (_| |  | || (_) || |
 |_|  |_|\__,_|_|\__|_|\___/ \__, |\__,_|_|       |_____\__,_|_|\__\___|\__,_|  |_(_)___(_)_|
                             |___/                                                           
[NONE ][14:21:40] CONNECTED 127.0.0.1:50942, origin: "http://agar.io"
[NONE ][14:22:34] DISCONNECTED 127.0.0.1:50942, code: 1006, reason: "", name: "Hungary"
[NONE ][14:22:38] CONNECTED 127.0.0.1:51018, origin: "http://agar.io"
[NONE ][14:22:51] >minion 2 50
[NONE ][14:22:51] Added 50 minions for Hungary
[NONE ][14:23:24] >rec 23
[NONE ][14:23:24] DeezBot is now in rec mode!
[NONE ][14:23:30] >rec 2
[NONE ][14:23:30] Hungary is now in rec mode!
[NONE ][14:38:27] >spawnmass 2 10000
[NONE ][14:38:27] Set spawnmass of Hungary to 10000.000
[NONE ][14:39:25] >
[NONE ][14:42:15] >killall
[NONE ][14:43:49] DISCONNECTED 127.0.0.1:51018, code: 1006, reason: "", name: "Hungary"
[WARN ][14:44:00] Closing server...
[DEBUG][14:44:00] process.exit(1)
=== Shutdown 2017-09-22T14-44-00-079 ===
[NONE ][14:44:00] >exit
