=== Started 2017-09-27T14-32-43-120 ===
[ERROR][14:32:43] Unknown gameserver.ini value: badWordFilter
[INFO ][14:32:43] 419 bad words loaded
[WARN ][14:32:43] User account "Local Administrator" disabled
[WARN ][14:32:43] User account "Local Moderator" disabled
[WARN ][14:32:43] User account "Local User" disabled
[INFO ][14:32:43] 0 user records loaded.
[INFO ][14:32:43] 0 IP ban records loaded.
[INFO ][14:32:43] [1m[32mMultiOgar-Edited 1.6.1[37m - An open source multi-protocol ogar server[0m
[INFO ][14:32:43] WebSocket: ws
[INFO ][14:32:43] Started stats server on port 88
[INFO ][14:32:43] Listening on port 443
[INFO ][14:32:43] Current game mode is Free For All
[NONE ][14:32:43]   __  __       _ _   _  ___                        _____    _ _ _           _    _   __    _ 
 |  \/  |_   _| | |_(_)/ _ \  __ _  __ _ _ __     | ____|__| (_) |_ ___  __| |  / | / /_  / |
 | |\/| | | | | | __| | | | |/ _` |/ _` | '__|____|  _| / _` | | __/ _ \/ _` |  | || '_ \ | |
 | |  | | |_| | | |_| | |_| | (_| | (_| | | |_____| |__| (_| | | ||  __/ (_| |  | || (_) || |
 |_|  |_|\__,_|_|\__|_|\___/ \__, |\__,_|_|       |_____\__,_|_|\__\___|\__,_|  |_(_)___(_)_|
                             |___/                                                           
[NONE ][14:32:44] CONNECTED 127.0.0.1:50213, origin: "http://agarahg.esy.es"
[NONE ][14:33:40] >mass 2 2000
[WARN ][14:33:40] That player ID is non-existant!
[NONE ][14:33:52] >mass 1 20000
[NONE ][14:33:52] Set mass of {7m7} Jani to 20000.000
