=== Started 2017-09-22T14-11-36-427 ===
[ERROR][14:11:36] Unknown gameserver.ini value: badWordFilter
[INFO ][14:11:36] 419 bad words loaded
[WARN ][14:11:36] User account "Local Administrator" disabled
[WARN ][14:11:36] User account "Local Moderator" disabled
[WARN ][14:11:36] User account "Local User" disabled
[INFO ][14:11:36] 0 user records loaded.
[INFO ][14:11:36] 0 IP ban records loaded.
[INFO ][14:11:36] [1m[32mMultiOgar-Edited 1.6.1[37m - An open source multi-protocol ogar server[0m
[INFO ][14:11:36] WebSocket: ws
[INFO ][14:11:36] Started stats server on port 88
[INFO ][14:11:36] Listening on port 443
[INFO ][14:11:36] Current game mode is Free For All
[NONE ][14:11:36]   __  __       _ _   _  ___                        _____    _ _ _           _    _   __    _ 
 |  \/  |_   _| | |_(_)/ _ \  __ _  __ _ _ __     | ____|__| (_) |_ ___  __| |  / | / /_  / |
 | |\/| | | | | | __| | | | |/ _` |/ _` | '__|____|  _| / _` | | __/ _ \/ _` |  | || '_ \ | |
 | |  | | |_| | | |_| | |_| | (_| | (_| | | |_____| |__| (_| | | ||  __/ (_| |  | || (_) || |
 |_|  |_|\__,_|_|\__|_|\___/ \__, |\__,_|_|       |_____\__,_|_|\__\___|\__,_|  |_(_)___(_)_|
                             |___/                                                           
[NONE ][14:11:37] CONNECTED 127.0.0.1:50779, origin: "http://agar.io"
[NONE ][14:11:53] >mass 1 10000
[NONE ][14:11:53] Set mass of Hungary to 10000.000
[NONE ][14:12:05] >rec 1
[NONE ][14:12:05] Hungary is now in rec mode!
[NONE ][14:13:02] >minion 1 50
[NONE ][14:13:02] Added 50 minions for Hungary
[NONE ][14:21:29] >exit
[WARN ][14:21:29] Closing server...
[DEBUG][14:21:29] process.exit(1)
=== Shutdown 2017-09-22T14-21-29-137 ===
