=== Started 2017-09-22T15-55-07-454 ===
[ERROR][15:55:07] Unknown gameserver.ini value: badWordFilter
[INFO ][15:55:07] 419 bad words loaded
[WARN ][15:55:07] User account "Local Administrator" disabled
[WARN ][15:55:07] User account "Local Moderator" disabled
[WARN ][15:55:07] User account "Local User" disabled
[INFO ][15:55:07] 0 user records loaded.
[INFO ][15:55:07] 0 IP ban records loaded.
[INFO ][15:55:07] [1m[32mMultiOgar-Edited 1.6.1[37m - An open source multi-protocol ogar server[0m
[INFO ][15:55:07] WebSocket: ws
[INFO ][15:55:07] Started stats server on port 88
[INFO ][15:55:07] Listening on port 443
[INFO ][15:55:07] Current game mode is Free For All
[NONE ][15:55:07]   __  __       _ _   _  ___                        _____    _ _ _           _    _   __    _ 
 |  \/  |_   _| | |_(_)/ _ \  __ _  __ _ _ __     | ____|__| (_) |_ ___  __| |  / | / /_  / |
 | |\/| | | | | | __| | | | |/ _` |/ _` | '__|____|  _| / _` | | __/ _ \/ _` |  | || '_ \ | |
 | |  | | |_| | | |_| | |_| | (_| | (_| | | |_____| |__| (_| | | ||  __/ (_| |  | || (_) || |
 |_|  |_|\__,_|_|\__|_|\___/ \__, |\__,_|_|       |_____\__,_|_|\__\___|\__,_|  |_(_)___(_)_|
                             |___/                                                           
[NONE ][15:55:09] CONNECTED 127.0.0.1:53579, origin: "http://agarahg.esy.es"
[NONE ][15:55:19] >mass 1 5000
[NONE ][15:55:19] Set mass of {agrn} to 5000.000
[NONE ][15:55:27] >rec 1
[NONE ][15:55:27] {agrn} is now in rec mode!
[NONE ][15:55:49] >minion 1 20
[NONE ][15:55:49] Added 20 minions for {agrn}
