=== Started 2017-09-25T16-03-27-760 ===
[ERROR][16:03:27] Unknown gameserver.ini value: badWordFilter
[INFO ][16:03:27] 419 bad words loaded
[WARN ][16:03:27] User account "Local Administrator" disabled
[WARN ][16:03:27] User account "Local Moderator" disabled
[WARN ][16:03:27] User account "Local User" disabled
[INFO ][16:03:27] 0 user records loaded.
[INFO ][16:03:27] 0 IP ban records loaded.
[INFO ][16:03:27] [1m[32mMultiOgar-Edited 1.6.1[37m - An open source multi-protocol ogar server[0m
[INFO ][16:03:27] WebSocket: ws
[INFO ][16:03:27] Started stats server on port 88
[INFO ][16:03:27] Listening on port 443
[INFO ][16:03:27] Current game mode is Free For All
[NONE ][16:03:27]   __  __       _ _   _  ___                        _____    _ _ _           _    _   __    _ 
 |  \/  |_   _| | |_(_)/ _ \  __ _  __ _ _ __     | ____|__| (_) |_ ___  __| |  / | / /_  / |
 | |\/| | | | | | __| | | | |/ _` |/ _` | '__|____|  _| / _` | | __/ _ \/ _` |  | || '_ \ | |
 | |  | | |_| | | |_| | |_| | (_| | (_| | | |_____| |__| (_| | | ||  __/ (_| |  | || (_) || |
 |_|  |_|\__,_|_|\__|_|\___/ \__, |\__,_|_|       |_____\__,_|_|\__\___|\__,_|  |_(_)___(_)_|
                             |___/                                                           
[NONE ][16:03:28] CONNECTED 127.0.0.1:52439, origin: "http://agar.io"
[NONE ][16:03:45] >skin 1 <r>
[WARN ][16:03:45] Player is alive, skin will not be applied to existing cells!
[NONE ][16:03:45] Player "Be ne Szóljá"'s skin is changed to <r>
[NONE ][16:03:54] >minion 1 <r>
[NONE ][16:03:54] Added 1 minions for Be ne Szóljá
