=== Started 2017-09-26T16-07-24-452 ===
[ERROR][16:07:24] Unknown gameserver.ini value: badWordFilter
[INFO ][16:07:24] 419 bad words loaded
[WARN ][16:07:24] User account "Local Administrator" disabled
[WARN ][16:07:24] User account "Local Moderator" disabled
[WARN ][16:07:24] User account "Local User" disabled
[INFO ][16:07:24] 0 user records loaded.
[INFO ][16:07:24] 0 IP ban records loaded.
[INFO ][16:07:24] [1m[32mMultiOgar-Edited 1.6.1[37m - An open source multi-protocol ogar server[0m
[INFO ][16:07:24] WebSocket: ws
[INFO ][16:07:25] Started stats server on port 88
[INFO ][16:07:25] Listening on port 443
[INFO ][16:07:25] Current game mode is Free For All
[NONE ][16:07:25]   __  __       _ _   _  ___                        _____    _ _ _           _    _   __    _ 
 |  \/  |_   _| | |_(_)/ _ \  __ _  __ _ _ __     | ____|__| (_) |_ ___  __| |  / | / /_  / |
 | |\/| | | | | | __| | | | |/ _` |/ _` | '__|____|  _| / _` | | __/ _ \/ _` |  | || '_ \ | |
 | |  | | |_| | | |_| | |_| | (_| | (_| | | |_____| |__| (_| | | ||  __/ (_| |  | || (_) || |
 |_|  |_|\__,_|_|\__|_|\___/ \__, |\__,_|_|       |_____\__,_|_|\__\___|\__,_|  |_(_)___(_)_|
                             |___/                                                           
[NONE ][16:07:45] CONNECTED 127.0.0.1:49542, origin: "http://agar.io"
[NONE ][16:07:58] >minion 1 50
[NONE ][16:07:58] Added 50 minions for King Rex
[NONE ][16:13:51] DISCONNECTED 127.0.0.1:49542, code: 1006, reason: "undefined", name: "King Rex"
