=== Started 2017-09-22T15-53-35-791 ===
[ERROR][15:53:35] Unknown gameserver.ini value: badWordFilter
[INFO ][15:53:35] 419 bad words loaded
[WARN ][15:53:35] User account "Local Administrator" disabled
[WARN ][15:53:35] User account "Local Moderator" disabled
[WARN ][15:53:35] User account "Local User" disabled
[INFO ][15:53:35] 0 user records loaded.
[INFO ][15:53:35] 0 IP ban records loaded.
[INFO ][15:53:35] [1m[32mMultiOgar-Edited 1.6.1[37m - An open source multi-protocol ogar server[0m
[INFO ][15:53:35] WebSocket: ws
[INFO ][15:53:35] Started stats server on port 88
[INFO ][15:53:35] Listening on port 443
[INFO ][15:53:35] Current game mode is Free For All
[NONE ][15:53:35]   __  __       _ _   _  ___                        _____    _ _ _           _    _   __    _ 
 |  \/  |_   _| | |_(_)/ _ \  __ _  __ _ _ __     | ____|__| (_) |_ ___  __| |  / | / /_  / |
 | |\/| | | | | | __| | | | |/ _` |/ _` | '__|____|  _| / _` | | __/ _ \/ _` |  | || '_ \ | |
 | |  | | |_| | | |_| | |_| | (_| | (_| | | |_____| |__| (_| | | ||  __/ (_| |  | || (_) || |
 |_|  |_|\__,_|_|\__|_|\___/ \__, |\__,_|_|       |_____\__,_|_|\__\___|\__,_|  |_(_)___(_)_|
                             |___/                                                           
[NONE ][15:53:35] CONNECTED 127.0.0.1:53576, origin: "http://agarahg.esy.es"
[NONE ][15:53:49] >mass 1 5000
[NONE ][15:53:49] Set mass of {agrn} to 5000.000
[NONE ][15:53:54] >minion 1 20
[NONE ][15:53:54] Added 20 minions for {agrn}
[NONE ][15:54:06] >rec 1
[NONE ][15:54:06] {agrn} is now in rec mode!
[NONE ][15:55:00] >exit
[WARN ][15:55:00] Closing server...
[DEBUG][15:55:00] process.exit(1)
=== Shutdown 2017-09-22T15-55-00-192 ===
