=== Started 2017-09-22T15-44-21-377 ===
[ERROR][15:44:21] Unknown gameserver.ini value: badWordFilter
[INFO ][15:44:21] 419 bad words loaded
[WARN ][15:44:21] User account "Local Administrator" disabled
[WARN ][15:44:21] User account "Local Moderator" disabled
[WARN ][15:44:21] User account "Local User" disabled
[INFO ][15:44:21] 0 user records loaded.
[INFO ][15:44:21] 0 IP ban records loaded.
[INFO ][15:44:21] [1m[32mMultiOgar-Edited 1.6.1[37m - An open source multi-protocol ogar server[0m
[INFO ][15:44:21] WebSocket: ws
[INFO ][15:44:21] Started stats server on port 88
[INFO ][15:44:21] Listening on port 443
[INFO ][15:44:21] Current game mode is Free For All
[NONE ][15:44:21]   __  __       _ _   _  ___                        _____    _ _ _           _    _   __    _ 
 |  \/  |_   _| | |_(_)/ _ \  __ _  __ _ _ __     | ____|__| (_) |_ ___  __| |  / | / /_  / |
 | |\/| | | | | | __| | | | |/ _` |/ _` | '__|____|  _| / _` | | __/ _ \/ _` |  | || '_ \ | |
 | |  | | |_| | | |_| | |_| | (_| | (_| | | |_____| |__| (_| | | ||  __/ (_| |  | || (_) || |
 |_|  |_|\__,_|_|\__|_|\___/ \__, |\__,_|_|       |_____\__,_|_|\__\___|\__,_|  |_(_)___(_)_|
                             |___/                                                           
[NONE ][15:44:22] CONNECTED 127.0.0.1:53555, origin: "http://agarahg.esy.es"
[NONE ][15:44:44] >skin 1 alien
[WARN ][15:44:44] Player is alive, skin will not be applied to existing cells!
[NONE ][15:44:44] Player "{7m7} Jani"'s skin is changed to alien
[NONE ][15:44:57] >mass 1 5000
[NONE ][15:44:57] Set mass of {7m7} Jani to 5000.000
[NONE ][15:45:15] >rec 1
[NONE ][15:45:15] {7m7} Jani is now in rec mode!
[NONE ][15:45:52] >minion 1 10 {alien} alien 500
[NONE ][15:45:52] Added 10 minions for {7m7} Jani
[NONE ][15:48:11] >spawnmass1 520
[WARN ][15:48:11] Invalid Command!
[NONE ][15:48:23] >spawnmass 1 500
[NONE ][15:48:23] Set spawnmass of {agrn} to 500.000
[NONE ][15:48:27] >kill 1
[NONE ][15:48:27] Killed {agrn} and removed 1 cells
[NONE ][15:53:30] >exit
[WARN ][15:53:30] Closing server...
[DEBUG][15:53:30] process.exit(1)
=== Shutdown 2017-09-22T15-53-30-657 ===
