=== Started 2017-09-25T16-10-29-201 ===
[ERROR][16:10:29] Unknown gameserver.ini value: badWordFilter
[INFO ][16:10:29] 419 bad words loaded
[WARN ][16:10:29] User account "Local Administrator" disabled
[WARN ][16:10:29] User account "Local Moderator" disabled
[WARN ][16:10:29] User account "Local User" disabled
[INFO ][16:10:29] 0 user records loaded.
[INFO ][16:10:29] 0 IP ban records loaded.
[INFO ][16:10:29] [1m[32mMultiOgar-Edited 1.6.1[37m - An open source multi-protocol ogar server[0m
[INFO ][16:10:29] WebSocket: ws
[INFO ][16:10:29] Started stats server on port 88
[INFO ][16:10:29] Listening on port 443
[INFO ][16:10:29] Current game mode is Free For All
[NONE ][16:10:29]   __  __       _ _   _  ___                        _____    _ _ _           _    _   __    _ 
 |  \/  |_   _| | |_(_)/ _ \  __ _  __ _ _ __     | ____|__| (_) |_ ___  __| |  / | / /_  / |
 | |\/| | | | | | __| | | | |/ _` |/ _` | '__|____|  _| / _` | | __/ _ \/ _` |  | || '_ \ | |
 | |  | | |_| | | |_| | |_| | (_| | (_| | | |_____| |__| (_| | | ||  __/ (_| |  | || (_) || |
 |_|  |_|\__,_|_|\__|_|\___/ \__, |\__,_|_|       |_____\__,_|_|\__\___|\__,_|  |_(_)___(_)_|
                             |___/                                                           
[NONE ][16:10:29] CONNECTED 127.0.0.1:52615, origin: "http://agar.io"
[NONE ][16:10:45] >spawnmass 1 500
[NONE ][16:10:45] Set spawnmass of An unnamed cell to 500.000
[NONE ][16:10:55] >minion 1 50
[NONE ][16:10:55] Added 50 minions for An unnamed cell
[NONE ][16:10:58] >kill 1
[NONE ][16:10:58] Killed An unnamed cell and removed 1 cells
[NONE ][16:11:17] >name 1 jani
[NONE ][16:11:17] Changing An unnamed cell to jani
[NONE ][16:16:21] >exit
[WARN ][16:16:21] Closing server...
[DEBUG][16:16:21] process.exit(1)
=== Shutdown 2017-09-25T16-16-21-809 ===
