=== Started 2017-09-27T13-59-43-596 ===
[ERROR][13:59:43] Unknown gameserver.ini value: badWordFilter
[INFO ][13:59:43] 419 bad words loaded
[WARN ][13:59:43] User account "Local Administrator" disabled
[WARN ][13:59:43] User account "Local Moderator" disabled
[WARN ][13:59:43] User account "Local User" disabled
[INFO ][13:59:43] 0 user records loaded.
[INFO ][13:59:43] 0 IP ban records loaded.
[INFO ][13:59:43] [1m[32mMultiOgar-Edited 1.6.1[37m - An open source multi-protocol ogar server[0m
[INFO ][13:59:43] WebSocket: ws
[INFO ][13:59:43] Started stats server on port 88
[INFO ][13:59:43] Listening on port 443
[INFO ][13:59:43] Current game mode is Free For All
[NONE ][13:59:43]   __  __       _ _   _  ___                        _____    _ _ _           _    _   __    _ 
 |  \/  |_   _| | |_(_)/ _ \  __ _  __ _ _ __     | ____|__| (_) |_ ___  __| |  / | / /_  / |
 | |\/| | | | | | __| | | | |/ _` |/ _` | '__|____|  _| / _` | | __/ _ \/ _` |  | || '_ \ | |
 | |  | | |_| | | |_| | |_| | (_| | (_| | | |_____| |__| (_| | | ||  __/ (_| |  | || (_) || |
 |_|  |_|\__,_|_|\__|_|\___/ \__, |\__,_|_|       |_____\__,_|_|\__\___|\__,_|  |_(_)___(_)_|
                             |___/                                                           
[NONE ][14:00:48] CONNECTED 127.0.0.1:50133, origin: "http://agarahg.esy.es"
[NONE ][14:01:22] >skin 1 bebemooth
[WARN ][14:01:22] Player is alive, skin will not be applied to existing cells!
[NONE ][14:01:22] Player "{7m7} Jani"'s skin is changed to bebemooth
[NONE ][14:02:04] DISCONNECTED 127.0.0.1:50133, code: 1006, reason: "", name: "{7m7} Jani"
[NONE ][14:02:09] CONNECTED 127.0.0.1:50158, origin: "http://agarahg.esy.es"
[NONE ][14:02:16] >skin 2 kraken
[WARN ][14:02:16] Player is alive, skin will not be applied to existing cells!
[NONE ][14:02:16] Player "{7m7} Jani"'s skin is changed to kraken
[NONE ][14:02:30] >skin 32 raptor
[WARN ][14:02:30] That player ID (32) is non-existant!
[NONE ][14:02:35] >skin 2 raptor
[WARN ][14:02:35] Player is alive, skin will not be applied to existing cells!
[NONE ][14:02:35] Player "{7m7} Jani"'s skin is changed to raptor
[NONE ][14:02:48] >skin 2 kraken
[WARN ][14:02:48] Player is alive, skin will not be applied to existing cells!
[NONE ][14:02:48] Player "{7m7} Jani"'s skin is changed to kraken
[NONE ][14:03:30] >skin 2 random
[WARN ][14:03:30] Player is alive, skin will not be applied to existing cells!
[NONE ][14:03:30] Player "{7m7} Jani"'s skin is changed to random
[NONE ][14:03:42] >skin 2 r
[WARN ][14:03:42] Player is alive, skin will not be applied to existing cells!
[NONE ][14:03:42] Player "{7m7} Jani"'s skin is changed to r
[NONE ][14:03:53] >skin 2 shark
[WARN ][14:03:53] Player is alive, skin will not be applied to existing cells!
[NONE ][14:03:53] Player "{7m7} Jani"'s skin is changed to shark
[NONE ][14:04:00] >skin 2 kraken
[WARN ][14:04:00] Player is alive, skin will not be applied to existing cells!
[NONE ][14:04:00] Player "{7m7} Jani"'s skin is changed to kraken
[NONE ][14:04:18] >minion 2 50
[NONE ][14:04:18] Added 50 minions for {7m7} Jani
[WARN ][14:07:26] Closing server...
[DEBUG][14:07:26] process.exit(1)
=== Shutdown 2017-09-27T14-07-26-946 ===
[NONE ][14:07:26] >exit
