=== Started 2017-10-02T16-02-20-052 ===
[ERROR][16:02:20] Unknown gameserver.ini value: badWordFilter
[INFO ][16:02:20] 419 bad words loaded
[WARN ][16:02:20] User account "Local Administrator" disabled
[WARN ][16:02:20] User account "Local Moderator" disabled
[WARN ][16:02:20] User account "Local User" disabled
[INFO ][16:02:20] 0 user records loaded.
[INFO ][16:02:20] 0 IP ban records loaded.
[INFO ][16:02:20] [1m[32mMultiOgar-Edited 1.6.1[37m - An open source multi-protocol ogar server[0m
[INFO ][16:02:20] WebSocket: ws
[INFO ][16:02:20] Started stats server on port 88
[INFO ][16:02:20] Listening on port 443
[INFO ][16:02:20] Current game mode is Free For All
[INFO ][16:02:20] Added 20 player bots
[NONE ][16:02:20]   __  __       _ _   _  ___                        _____    _ _ _           _    _   __    _ 
 |  \/  |_   _| | |_(_)/ _ \  __ _  __ _ _ __     | ____|__| (_) |_ ___  __| |  / | / /_  / |
 | |\/| | | | | | __| | | | |/ _` |/ _` | '__|____|  _| / _` | | __/ _ \/ _` |  | || '_ \ | |
 | |  | | |_| | | |_| | |_| | (_| | (_| | | |_____| |__| (_| | | ||  __/ (_| |  | || (_) || |
 |_|  |_|\__,_|_|\__|_|\___/ \__, |\__,_|_|       |_____\__,_|_|\__\___|\__,_|  |_(_)___(_)_|
                             |___/                                                           
[NONE ][16:02:20] CONNECTED 127.0.0.1:50522, origin: "http://agarahg.esy.es"
