=== Started 2017-09-25T15-55-58-464 ===
[ERROR][15:55:58] Unknown gameserver.ini value: badWordFilter
[INFO ][15:55:58] 419 bad words loaded
[WARN ][15:55:58] User account "Local Administrator" disabled
[WARN ][15:55:58] User account "Local Moderator" disabled
[WARN ][15:55:58] User account "Local User" disabled
[INFO ][15:55:58] 0 user records loaded.
[INFO ][15:55:58] 0 IP ban records loaded.
[INFO ][15:55:58] [1m[32mMultiOgar-Edited 1.6.1[37m - An open source multi-protocol ogar server[0m
[INFO ][15:55:58] WebSocket: ws
[INFO ][15:55:58] Started stats server on port 88
[INFO ][15:55:58] Listening on port 443
[INFO ][15:55:58] Current game mode is Free For All
[NONE ][15:55:58]   __  __       _ _   _  ___                        _____    _ _ _           _    _   __    _ 
 |  \/  |_   _| | |_(_)/ _ \  __ _  __ _ _ __     | ____|__| (_) |_ ___  __| |  / | / /_  / |
 | |\/| | | | | | __| | | | |/ _` |/ _` | '__|____|  _| / _` | | __/ _ \/ _` |  | || '_ \ | |
 | |  | | |_| | | |_| | |_| | (_| | (_| | | |_____| |__| (_| | | ||  __/ (_| |  | || (_) || |
 |_|  |_|\__,_|_|\__|_|\___/ \__, |\__,_|_|       |_____\__,_|_|\__\___|\__,_|  |_(_)___(_)_|
                             |___/                                                           
[NONE ][15:56:15] CONNECTED 127.0.0.1:52206, origin: "http://agar.io"
[NONE ][15:56:25] DISCONNECTED 127.0.0.1:52206, code: 1006, reason: "", name: ""
[NONE ][15:56:43] CONNECTED 127.0.0.1:52330, origin: "http://agar.io"
[NONE ][15:57:26] >mass 1 10000
[WARN ][15:57:26] That player ID is non-existant!
[NONE ][15:57:33] >mass 2 1000
[NONE ][15:57:33] Set mass of Be ne Szóljá to 1000.000
[NONE ][15:57:38] >mass 2 10000
[NONE ][15:57:38] Set mass of Be ne Szóljá to 10000.000
[NONE ][15:58:31] >mass  2 20000
[WARN ][15:58:31] Please specify a valid player ID!
[NONE ][15:58:39] >mass 2 20000
[NONE ][15:58:39] Set mass of Be ne Szóljá to 20000.000
[NONE ][15:59:04] >minion 2 10
[NONE ][15:59:04] Added 10 minions for Be ne Szóljá
[NONE ][16:00:13] >spawnmass 2 10000
[NONE ][16:00:13] Set spawnmass of Be ne Szóljá to 10000.000
