=== Started 2017-09-22T13-05-37-896 ===
[ERROR][13:05:38] Unknown gameserver.ini value: badWordFilter
[INFO ][13:05:38] 419 bad words loaded
[WARN ][13:05:38] User account "Local Administrator" disabled
[WARN ][13:05:38] User account "Local Moderator" disabled
[WARN ][13:05:38] User account "Local User" disabled
[INFO ][13:05:38] 0 user records loaded.
[INFO ][13:05:38] 0 IP ban records loaded.
[INFO ][13:05:38] [1m[32mMultiOgar-Edited 1.6.1[37m - An open source multi-protocol ogar server[0m
[INFO ][13:05:38] WebSocket: ws
[INFO ][13:05:39] Started stats server on port 88
[INFO ][13:05:39] Listening on port 443
[INFO ][13:05:39] Current game mode is Free For All
[NONE ][13:05:39]   __  __       _ _   _  ___                        _____    _ _ _           _    _   __    _ 
 |  \/  |_   _| | |_(_)/ _ \  __ _  __ _ _ __     | ____|__| (_) |_ ___  __| |  / | / /_  / |
 | |\/| | | | | | __| | | | |/ _` |/ _` | '__|____|  _| / _` | | __/ _ \/ _` |  | || '_ \ | |
 | |  | | |_| | | |_| | |_| | (_| | (_| | | |_____| |__| (_| | | ||  __/ (_| |  | || (_) || |
 |_|  |_|\__,_|_|\__|_|\___/ \__, |\__,_|_|       |_____\__,_|_|\__\___|\__,_|  |_(_)___(_)_|
                             |___/                                                           
[NONE ][13:05:50] CONNECTED 127.0.0.1:49556, origin: "http://agar.io"
[NONE ][13:06:25] DISCONNECTED 127.0.0.1:49556, code: 1006, reason: "", name: ""
[NONE ][13:07:07] CONNECTED 127.0.0.1:49802, origin: "http://agar.io"
[NONE ][13:07:33] >minion 1 100
[NONE ][13:07:40] >pl
[NONE ][13:07:40] 
Current players: 1
[NONE ][13:07:40] Do "playerlist m" or "pl m" to list minions

[NONE ][13:07:40]  ID     | IP              | P | CELLS | SCORE  |   POSITION   | NICK            
[NONE ][13:07:40] â”€â”€â”€â”€â”€â”€â”€â”€â”€â”€â”€â”€â”€â”€â”€â”€â”€â”€â”€â”€â”€â”€â”€â”€â”€â”€â”€â”€â”€â”€â”€â”€â”€â”€â”€â”€â”€â”€â”€â”€â”€â”€â”€â”€â”€â”€â”€â”€â”€â”€â”€â”€â”€â”€â”€â”€â”€â”€â”€â”€â”€â”€â”€â”€â”€â”€â”€â”€â”€â”€â”€â”€â”€â”€â”€â”€â”€â”€â”€â”€
[NONE ][13:07:40]       2 | 127.0.0.1       | 14 |     1 |     36 | -7023, -1202 | Classy? Is Back
[NONE ][13:07:48] >minion 2 100
[NONE ][13:07:48] Added 100 minions for Classy? Is Back
[NONE ][13:08:44] >rec 2
[NONE ][13:08:44] Classy? Is Back is now in rec mode!
[NONE ][13:11:33] >minion remove
[WARN ][13:11:33] Please specify a valid player id!
[NONE ][13:11:39] >minion remove q
[WARN ][13:11:39] Please specify a valid player id!
[NONE ][13:11:45] >minion remove 1
[WARN ][13:11:45] Please specify a valid player id!
[NONE ][13:11:50] >minion remove 2
[WARN ][13:11:50] Please specify a valid player id!
[NONE ][13:21:20] >minion
[WARN ][13:21:20] Please specify a valid player id!
[NONE ][13:21:23] >help
[NONE ][13:21:23]                        â”Œâ”€â”€â”€â”€â”€â”€â”€â”€â”€â”€â”€â”€â”€â”€â”€â”€â”€â”€â”€â”€â”€â”€â”€â”€â”€â”€â”€â”€â”                       
                       â”‚ LIST OF AVAILABLE COMMANDS â”‚                       
â”Œâ”€â”€â”€â”€â”€â”€â”€â”€â”€â”€â”€â”€â”€â”€â”€â”€â”€â”€â”€â”€â”€â”€â”´â”€â”€â”€â”€â”€â”€â”€â”€â”€â”€â”€â”€â”€â”€â”€â”€â”€â”€â”€â”€â”€â”€â”€â”€â”€â”€â”€â”€â”´â”€â”€â”€â”€â”€â”€â”€â”€â”€â”€â”€â”€â”€â”€â”€â”€â”€â”€â”€â”€â”€â”€â”
â”‚                         ----Players and AI----                           â”‚
â”‚                                                                          â”‚
â”‚ playerlist                   â”‚ Get list of players, bots, ID's, etc      â”‚
â”‚ minion [PlayerID] [#] [name] â”‚ Adds suicide minions to the server        â”‚
â”‚ addbot [number]              â”‚ Adds bots to the server                   â”‚
â”‚ kickbot [number]             â”‚ Kick a number of bots - No value= all goneâ”‚
â”‚ kick [PlayerID]              â”‚ Kick player or bot by client ID           â”‚
â”‚ kickall                      â”‚ Kick all players and bots                 â”‚
â”‚ kill [PlayerID]              â”‚ Kill the player by client ID              â”‚
â”‚ killall                      â”‚ Kills everyone                            â”‚
â”‚                                                                          â”‚
â”‚                          ----Player Commands----                         â”‚
â”‚                                                                          â”‚
â”‚ spawn [entity] [pos] [mass]  â”‚ Spawns an entity                          â”‚
â”‚ mass [PlayerID] [mass]       â”‚ Set cell(s) mass by client ID             â”‚
â”‚ merge [PlayerID]             â”‚ Merge all client's cells                  â”‚
â”‚ spawnmass [PlayerID] [mass]  â”‚ Sets a player's spawn mass                â”‚
â”‚ freeze [PlayerID]            â”‚ Freezes a player                          â”‚
â”‚ speed [PlayerID]             â”‚ Sets a player's base speed                â”‚
â”‚ color [PlayerID] [R] [G] [B] â”‚ Set cell(s) color by client ID            â”‚
â”‚ name [PlayerID] [name]       â”‚ Change cell(s) name by client ID          â”‚
â”‚ skin [PlayerID] [string]     â”‚ Change cell(s) skin by client ID          â”‚
â”‚ rec [PlayerID]               â”‚ Gives a player instant-recombine + more   â”‚
â”‚ split [PlayerID] [Amount]    â”‚ Forces a player to split                  â”‚
â”‚ tp [X] [Y]                   â”‚ Teleports player(s) to XY coordinates     â”‚
â”‚ replace [PlayerID] [entity]  â”‚ Replaces a player with an entity          â”‚
â”‚ pop [PlayerID]               â”‚ Pops a player with a virus                â”‚
| explode [PlayerID]           | Explodes a player into ejected mass       |
â”‚                                                                          â”‚
â”‚                          ----Server Commands----                         â”‚
â”‚                                                                          â”‚
â”‚ pause                        â”‚ Pause game, freeze all nodes              â”‚
â”‚ board [string] [string] ...  â”‚ Set scoreboard text                       â”‚
â”‚ change [setting] [value]     â”‚ Change specified settings                 â”‚
â”‚ reload                       â”‚ Reload config, banlist, and role files    â”‚
â”‚ ban [PlayerID â”‚ IP]          â”‚ Bans a player(s) IP                       â”‚
â”‚ unban [IP]                   â”‚ Unbans an IP                              â”‚
â”‚ banlist                      â”‚ Get list of banned IPs.                   â”‚
â”‚ mute [PlayerID]              â”‚ Mute player from chat by client ID        â”‚
â”‚ unmute [PlayerID]            â”‚ Unmute player from chat by client ID      â”‚
| lms                          | Starts/ends last man standing             |
â”‚                                                                          â”‚
â”‚                          ----Miscellaneous----                           â”‚
â”‚                                                                          â”‚
â”‚ clear                        â”‚ Clear console output                      â”‚
â”‚ reset                        â”‚ Removes all nodes and reimplement them    â”‚
â”‚ status                       â”‚ Get server status                         â”‚
â”‚ debug                        â”‚ Get/check node lengths                    â”‚
â”‚ exit                         â”‚ Stops the server                          â”‚
â”‚ calc                         â”‚ Get size/mass from a specified value      â”‚
â”‚                                                                          â”‚
â”œâ”€â”€â”€â”€â”€â”€â”€â”€â”€â”€â”€â”€â”€â”€â”€â”€â”€â”€â”€â”€â”€â”€â”€â”€â”€â”€â”€â”€â”€â”€â”€â”€â”€â”€â”€â”€â”€â”€â”€â”€â”€â”€â”€â”€â”€â”€â”€â”€â”€â”€â”€â”€â”€â”€â”€â”€â”€â”€â”€â”€â”€â”€â”€â”€â”€â”€â”€â”€â”€â”€â”€â”€â”€â”€â”¤
â”‚         Psst! Do "shortcuts" for a list of command shortcuts!            â”‚
â””â”€â”€â”€â”€â”€â”€â”€â”€â”€â”€â”€â”€â”€â”€â”€â”€â”€â”€â”€â”€â”€â”€â”€â”€â”€â”€â”€â”€â”€â”€â”€â”€â”€â”€â”€â”€â”€â”€â”€â”€â”€â”€â”€â”€â”€â”€â”€â”€â”€â”€â”€â”€â”€â”€â”€â”€â”€â”€â”€â”€â”€â”€â”€â”€â”€â”€â”€â”€â”€â”€â”€â”€â”€â”€â”˜
[NONE ][13:21:46] >minion remove 2
[WARN ][13:21:46] Please specify a valid player id!
[NONE ][13:21:53] >minion remove2
[WARN ][13:21:53] Please specify a valid player id!
[NONE ][13:22:08] >kickall
[NONE ][13:22:09] Kicked "Classy? Is Back"
[NONE ][13:22:09] DISCONNECTED 127.0.0.1:49802, code: 1000, reason: "Kicked from server.", name: "Classy? Is Back"
[NONE ][13:22:09] Kicked "minion"
[NONE ][13:22:09] Kicked "minion"
[NONE ][13:22:09] Kicked "minion"
[NONE ][13:22:09] Kicked "minion"
[NONE ][13:22:09] Kicked "minion"
[NONE ][13:22:09] Kicked "minion"
[NONE ][13:22:09] Kicked "minion"
[NONE ][13:22:09] Kicked "minion"
[NONE ][13:22:09] Kicked "minion"
[NONE ][13:22:09] Kicked "minion"
[NONE ][13:22:09] Kicked "minion"
[NONE ][13:22:09] Kicked "minion"
[NONE ][13:22:09] Kicked "minion"
[NONE ][13:22:09] Kicked "minion"
[NONE ][13:22:09] Kicked "minion"
[NONE ][13:22:09] Kicked "minion"
[NONE ][13:22:09] Kicked "minion"
[NONE ][13:22:09] Kicked "minion"
[NONE ][13:22:09] Kicked "minion"
[NONE ][13:22:09] Kicked "minion"
[NONE ][13:22:09] Kicked "minion"
[NONE ][13:22:09] Kicked "minion"
[NONE ][13:22:09] Kicked "minion"
[NONE ][13:22:09] Kicked "minion"
[NONE ][13:22:09] Kicked "minion"
[NONE ][13:22:09] Kicked "minion"
[NONE ][13:22:09] Kicked "minion"
[NONE ][13:22:09] Kicked "minion"
[NONE ][13:22:09] Kicked "minion"
[NONE ][13:22:09] Kicked "minion"
[NONE ][13:22:09] Kicked "minion"
[NONE ][13:22:09] Kicked "minion"
[NONE ][13:22:09] Kicked "minion"
[NONE ][13:22:09] Kicked "minion"
[NONE ][13:22:09] Kicked "minion"
[NONE ][13:22:09] Kicked "minion"
[NONE ][13:22:09] Kicked "minion"
[NONE ][13:22:09] Kicked "minion"
[NONE ][13:22:09] Kicked "minion"
[NONE ][13:22:09] Kicked "minion"
[NONE ][13:22:09] Kicked "minion"
[NONE ][13:22:09] Kicked "minion"
[NONE ][13:22:09] Kicked "minion"
[NONE ][13:22:09] Kicked "minion"
[NONE ][13:22:09] Kicked "minion"
[NONE ][13:22:09] Kicked "minion"
[NONE ][13:22:09] Kicked "minion"
[NONE ][13:22:09] Kicked "minion"
[NONE ][13:22:09] Kicked "minion"
[NONE ][13:22:09] Kicked "minion"
[NONE ][13:22:09] Kicked "minion"
[NONE ][13:22:09] Kicked "minion"
[NONE ][13:22:09] Kicked "minion"
[NONE ][13:22:09] Kicked "minion"
[NONE ][13:22:09] Kicked "minion"
[NONE ][13:22:09] Kicked "minion"
[NONE ][13:22:09] Kicked "minion"
[NONE ][13:22:09] Kicked "minion"
[NONE ][13:22:09] Kicked "minion"
[NONE ][13:22:09] Kicked "minion"
[NONE ][13:22:09] Kicked "minion"
[NONE ][13:22:09] Kicked "minion"
[NONE ][13:22:09] Kicked "minion"
[NONE ][13:22:09] Kicked "minion"
[NONE ][13:22:09] Kicked "minion"
[NONE ][13:22:09] Kicked "minion"
[NONE ][13:22:09] Kicked "minion"
[NONE ][13:22:09] Kicked "minion"
[NONE ][13:22:09] Kicked "minion"
[NONE ][13:22:09] Kicked "minion"
[NONE ][13:22:09] Kicked "minion"
[NONE ][13:22:09] Kicked "minion"
[NONE ][13:22:09] Kicked "minion"
[NONE ][13:22:09] Kicked "minion"
[NONE ][13:22:09] Kicked "minion"
[NONE ][13:22:09] Kicked "minion"
[NONE ][13:22:09] Kicked "minion"
[NONE ][13:22:09] Kicked "minion"
[NONE ][13:22:09] Kicked "minion"
[NONE ][13:22:09] Kicked "minion"
[NONE ][13:22:09] Kicked "minion"
[NONE ][13:22:09] Kicked "minion"
[NONE ][13:22:09] Kicked "minion"
[NONE ][13:22:09] Kicked "minion"
[NONE ][13:22:09] Kicked "minion"
[NONE ][13:22:09] Kicked "minion"
[NONE ][13:22:09] Kicked "minion"
[NONE ][13:22:09] Kicked "minion"
[NONE ][13:22:09] Kicked "minion"
[NONE ][13:22:09] Kicked "minion"
[NONE ][13:22:09] Kicked "minion"
[NONE ][13:22:09] Kicked "minion"
[NONE ][13:22:09] Kicked "minion"
[NONE ][13:22:09] Kicked "minion"
[NONE ][13:22:09] Kicked "minion"
[NONE ][13:22:09] Kicked "minion"
[NONE ][13:22:09] Kicked "minion"
[NONE ][13:22:09] Kicked "minion"
[NONE ][13:22:09] Kicked "minion"
[NONE ][13:22:09] Kicked "minion"
[NONE ][13:22:10] CONNECTED 127.0.0.1:49879, origin: "http://agar.io"
[NONE ][13:22:10] DISCONNECTED 127.0.0.1:49879, code: 1006, reason: "undefined", name: ""
[NONE ][13:22:14] CONNECTED 127.0.0.1:49880, origin: "http://agar.io"
[NONE ][13:23:02] >minion 20
[NONE ][13:23:06] >minion 2 20
[NONE ][13:23:12] >pl
[NONE ][13:23:12] 
Current players: 1
[NONE ][13:23:12] Do "playerlist m" or "pl m" to list minions

[NONE ][13:23:12]  ID     | IP              | P | CELLS | SCORE  |   POSITION   | NICK            
[NONE ][13:23:12] â”€â”€â”€â”€â”€â”€â”€â”€â”€â”€â”€â”€â”€â”€â”€â”€â”€â”€â”€â”€â”€â”€â”€â”€â”€â”€â”€â”€â”€â”€â”€â”€â”€â”€â”€â”€â”€â”€â”€â”€â”€â”€â”€â”€â”€â”€â”€â”€â”€â”€â”€â”€â”€â”€â”€â”€â”€â”€â”€â”€â”€â”€â”€â”€â”€â”€â”€â”€â”€â”€â”€â”€â”€â”€â”€â”€â”€â”€â”€â”€
[NONE ][13:23:12]     104 | 127.0.0.1       | 14 |     1 |     74 |  6710,  4168 | Classy? Is Back
[NONE ][13:23:20] >minion 104 20
[NONE ][13:23:20] Added 20 minions for Classy? Is Back
[NONE ][13:23:42] >rec 104
[NONE ][13:23:42] Classy? Is Back is now in rec mode!
[NONE ][13:23:50] >mass 104 10000
[NONE ][13:23:50] Set mass of Classy? Is Back to 10000.000
[NONE ][13:25:35] >skin 104 raptor
[WARN ][13:25:35] Player is alive, skin will not be applied to existing cells!
[NONE ][13:25:35] Player "Classy? Is Back"'s skin is changed to raptor
[NONE ][13:30:06] >exit
[WARN ][13:30:06] Closing server...
[DEBUG][13:30:07] process.exit(1)
=== Shutdown 2017-09-22T13-30-07-061 ===
